info: Microsoft.AspNetCore.DataProtection.KeyManagement.XmlKeyManager[0]
      User profile is available. Using 'C:\Users\Dell\AppData\Local\ASP.NET\DataProtection-Keys' as key repository and Windows DPAPI to encrypt keys at rest.
Hosting environment: Development
Content root path: D:\Projects\BasApp\BASApp
Now listening on: http://127.0.0.1:10023
Application started. Press Ctrl+C to shut down.
info: Microsoft.AspNetCore.Hosting.Internal.WebHost[1]
      Request starting HTTP/1.1 GET http://localhost:44312/BasApp/cache  
info: Microsoft.AspNetCore.Hosting.Internal.WebHost[1]
      Request starting HTTP/1.1 DEBUG http://localhost/BasApp  0
info: Microsoft.AspNetCore.Hosting.Internal.WebHost[2]
      Request finished in 39.3479ms 200 
info: Microsoft.AspNetCore.Hosting.Internal.WebHost[2]
      Request finished in 66.6575ms 404 
info: Microsoft.AspNetCore.Hosting.Internal.WebHost[1]
      Request starting HTTP/1.1 OPTIONS http://localhost/BasApp/authorization/session  
info: Microsoft.AspNetCore.Hosting.Internal.WebHost[1]
      Request starting HTTP/1.1 OPTIONS http://localhost/BasApp/authorization/session  
info: Microsoft.AspNetCore.Cors.Infrastructure.CorsService[4]
      CORS policy execution successful.
info: Microsoft.AspNetCore.Cors.Infrastructure.CorsService[4]
      CORS policy execution successful.
info: Microsoft.AspNetCore.Hosting.Internal.WebHost[2]
      Request finished in 19.178ms 204 
info: Microsoft.AspNetCore.Hosting.Internal.WebHost[2]
      Request finished in 19.1782ms 204 
info: Microsoft.AspNetCore.Hosting.Internal.WebHost[1]
      Request starting HTTP/1.1 POST http://localhost/BasApp/authorization/session application/json 46
info: Microsoft.AspNetCore.Hosting.Internal.WebHost[1]
      Request starting HTTP/1.1 POST http://localhost/BasApp/authorization/session application/json 46
info: Microsoft.AspNetCore.Cors.Infrastructure.CorsService[4]
      CORS policy execution successful.
info: Microsoft.AspNetCore.Cors.Infrastructure.CorsService[4]
      CORS policy execution successful.
info: Microsoft.AspNetCore.Routing.EndpointMiddleware[0]
      Executing endpoint 'BASApp.Controllers.AuthorizationController.PostUserSession (BASApp)'
info: Microsoft.AspNetCore.Routing.EndpointMiddleware[0]
      Executing endpoint 'BASApp.Controllers.AuthorizationController.PostUserSession (BASApp)'
info: Microsoft.AspNetCore.Mvc.Internal.ControllerActionInvoker[1]
      Route matched with {action = "PostUserSession", controller = "Authorization"}. Executing action BASApp.Controllers.AuthorizationController.PostUserSession (BASApp)
info: Microsoft.AspNetCore.Mvc.Internal.ControllerActionInvoker[1]
      Route matched with {action = "PostUserSession", controller = "Authorization"}. Executing action BASApp.Controllers.AuthorizationController.PostUserSession (BASApp)
info: Microsoft.AspNetCore.Cors.Infrastructure.CorsService[4]
      CORS policy execution successful.
info: Microsoft.AspNetCore.Cors.Infrastructure.CorsService[4]
      CORS policy execution successful.
info: Microsoft.AspNetCore.Mvc.Internal.ControllerActionInvoker[1]
      Executing action method BASApp.Controllers.AuthorizationController.PostUserSession (BASApp) with arguments (BASApp.AuthorizationModel.PostUserSessionRequest) - Validation state: Valid
info: Microsoft.AspNetCore.Mvc.Internal.ControllerActionInvoker[1]
      Executing action method BASApp.Controllers.AuthorizationController.PostUserSession (BASApp) with arguments (BASApp.AuthorizationModel.PostUserSessionRequest) - Validation state: Valid
info: Microsoft.AspNetCore.Mvc.Internal.ControllerActionInvoker[2]
      Executed action method BASApp.Controllers.AuthorizationController.PostUserSession (BASApp), returned result Microsoft.AspNetCore.Mvc.OkObjectResult in 670.6774ms.
info: Microsoft.AspNetCore.Mvc.Internal.ControllerActionInvoker[2]
      Executed action method BASApp.Controllers.AuthorizationController.PostUserSession (BASApp), returned result Microsoft.AspNetCore.Mvc.OkObjectResult in 672.3746ms.
info: Microsoft.AspNetCore.Mvc.Infrastructure.ObjectResultExecutor[1]
      Executing ObjectResult, writing value of type 'System.Collections.Generic.List`1[[System.Object, System.Private.CoreLib, Version=4.0.0.0, Culture=neutral, PublicKeyToken=7cec85d7bea7798e]]'.
info: Microsoft.AspNetCore.Mvc.Infrastructure.ObjectResultExecutor[1]
      Executing ObjectResult, writing value of type 'System.Collections.Generic.List`1[[System.Object, System.Private.CoreLib, Version=4.0.0.0, Culture=neutral, PublicKeyToken=7cec85d7bea7798e]]'.
info: Microsoft.AspNetCore.Mvc.Internal.ControllerActionInvoker[2]
      Executed action BASApp.Controllers.AuthorizationController.PostUserSession (BASApp) in 889.2821ms
info: Microsoft.AspNetCore.Mvc.Internal.ControllerActionInvoker[2]
      Executed action BASApp.Controllers.AuthorizationController.PostUserSession (BASApp) in 889.2822ms
info: Microsoft.AspNetCore.Routing.EndpointMiddleware[1]
      Executed endpoint 'BASApp.Controllers.AuthorizationController.PostUserSession (BASApp)'
info: Microsoft.AspNetCore.Routing.EndpointMiddleware[1]
      Executed endpoint 'BASApp.Controllers.AuthorizationController.PostUserSession (BASApp)'
info: Microsoft.AspNetCore.Hosting.Internal.WebHost[2]
      Request finished in 974.5476ms 200 application/json; charset=utf-8
info: Microsoft.AspNetCore.Hosting.Internal.WebHost[2]
      Request finished in 974.545ms 200 application/json; charset=utf-8
info: Microsoft.AspNetCore.Hosting.Internal.WebHost[1]
      Request starting HTTP/1.1 GET http://localhost/BasApp/authorization/companies/1/28  
info: Microsoft.AspNetCore.Cors.Infrastructure.CorsService[4]
      CORS policy execution successful.
info: Microsoft.AspNetCore.Routing.EndpointMiddleware[0]
      Executing endpoint 'BASApp.Controllers.AuthorizationController.GetCompanies (BASApp)'
info: Microsoft.AspNetCore.Mvc.Internal.ControllerActionInvoker[1]
      Route matched with {action = "GetCompanies", controller = "Authorization"}. Executing action BASApp.Controllers.AuthorizationController.GetCompanies (BASApp)
info: Microsoft.AspNetCore.Cors.Infrastructure.CorsService[4]
      CORS policy execution successful.
info: Microsoft.AspNetCore.Mvc.Internal.ControllerActionInvoker[1]
      Executing action method BASApp.Controllers.AuthorizationController.GetCompanies (BASApp) with arguments (1, 28) - Validation state: Valid
info: Microsoft.AspNetCore.Mvc.Internal.ControllerActionInvoker[2]
      Executed action method BASApp.Controllers.AuthorizationController.GetCompanies (BASApp), returned result Microsoft.AspNetCore.Mvc.OkObjectResult in 169.9506ms.
info: Microsoft.AspNetCore.Mvc.Infrastructure.ObjectResultExecutor[1]
      Executing ObjectResult, writing value of type 'System.Collections.Generic.List`1[[System.Object, System.Private.CoreLib, Version=4.0.0.0, Culture=neutral, PublicKeyToken=7cec85d7bea7798e]]'.
info: Microsoft.AspNetCore.Mvc.Internal.ControllerActionInvoker[2]
      Executed action BASApp.Controllers.AuthorizationController.GetCompanies (BASApp) in 196.9779ms
info: Microsoft.AspNetCore.Routing.EndpointMiddleware[1]
      Executed endpoint 'BASApp.Controllers.AuthorizationController.GetCompanies (BASApp)'
info: Microsoft.AspNetCore.Hosting.Internal.WebHost[2]
      Request finished in 231.1264ms 200 application/json; charset=utf-8
info: Microsoft.AspNetCore.Hosting.Internal.WebHost[1]
      Request starting HTTP/1.1 GET http://localhost/BasApp/authorization/companies/1/28  
info: Microsoft.AspNetCore.Cors.Infrastructure.CorsService[4]
      CORS policy execution successful.
info: Microsoft.AspNetCore.Routing.EndpointMiddleware[0]
      Executing endpoint 'BASApp.Controllers.AuthorizationController.GetCompanies (BASApp)'
info: Microsoft.AspNetCore.Mvc.Internal.ControllerActionInvoker[1]
      Route matched with {action = "GetCompanies", controller = "Authorization"}. Executing action BASApp.Controllers.AuthorizationController.GetCompanies (BASApp)
info: Microsoft.AspNetCore.Cors.Infrastructure.CorsService[4]
      CORS policy execution successful.
info: Microsoft.AspNetCore.Mvc.Internal.ControllerActionInvoker[1]
      Executing action method BASApp.Controllers.AuthorizationController.GetCompanies (BASApp) with arguments (1, 28) - Validation state: Valid
info: Microsoft.AspNetCore.Mvc.Internal.ControllerActionInvoker[2]
      Executed action method BASApp.Controllers.AuthorizationController.GetCompanies (BASApp), returned result Microsoft.AspNetCore.Mvc.OkObjectResult in 2.3773ms.
info: Microsoft.AspNetCore.Mvc.Infrastructure.ObjectResultExecutor[1]
      Executing ObjectResult, writing value of type 'System.Collections.Generic.List`1[[System.Object, System.Private.CoreLib, Version=4.0.0.0, Culture=neutral, PublicKeyToken=7cec85d7bea7798e]]'.
info: Microsoft.AspNetCore.Mvc.Internal.ControllerActionInvoker[2]
      Executed action BASApp.Controllers.AuthorizationController.GetCompanies (BASApp) in 30.2428ms
info: Microsoft.AspNetCore.Routing.EndpointMiddleware[1]
      Executed endpoint 'BASApp.Controllers.AuthorizationController.GetCompanies (BASApp)'
info: Microsoft.AspNetCore.Hosting.Internal.WebHost[2]
      Request finished in 61.0791ms 200 application/json; charset=utf-8
info: Microsoft.AspNetCore.Hosting.Internal.WebHost[1]
      Request starting HTTP/1.1 OPTIONS http://localhost/BasApp/login  
info: Microsoft.AspNetCore.Cors.Infrastructure.CorsService[4]
      CORS policy execution successful.
info: Microsoft.AspNetCore.Hosting.Internal.WebHost[2]
      Request finished in 4.8315ms 204 
info: Microsoft.AspNetCore.Hosting.Internal.WebHost[1]
      Request starting HTTP/1.1 POST http://localhost/BasApp/login application/json 70
info: Microsoft.AspNetCore.Cors.Infrastructure.CorsService[4]
      CORS policy execution successful.
info: Microsoft.AspNetCore.Routing.EndpointMiddleware[0]
      Executing endpoint 'BASApp.Controllers.LoginController.Login (BASApp)'
info: Microsoft.AspNetCore.Mvc.Internal.ControllerActionInvoker[1]
      Route matched with {action = "Login", controller = "Login"}. Executing action BASApp.Controllers.LoginController.Login (BASApp)
info: Microsoft.AspNetCore.Cors.Infrastructure.CorsService[4]
      CORS policy execution successful.
info: Microsoft.AspNetCore.Mvc.Internal.ControllerActionInvoker[1]
      Executing action method BASApp.Controllers.LoginController.Login (BASApp) with arguments (BASApp.LoginModel.GetLoginRequest) - Validation state: Valid



































































































